==16781== Memcheck, a memory error detector
==16781== Copyright (C) 2002-2015, and GNU GPL'd, by Julian Seward et al.
==16781== Using Valgrind-3.11.0 and LibVEX; rerun with -h for copyright info
==16781== Command: grsisort -l
==16781== Parent PID: 8392
==16781== 
==16781== Syscall param writev(vector[...]) points to uninitialised byte(s)
==16781==    at 0xF461FE0: __writev_nocancel (syscall-template.S:84)
==16781==    by 0x10AF6F28: ??? (in /usr/lib/x86_64-linux-gnu/libxcb.so.1.1.0)
==16781==    by 0x10AF731C: ??? (in /usr/lib/x86_64-linux-gnu/libxcb.so.1.1.0)
==16781==    by 0x10AF73A4: xcb_writev (in /usr/lib/x86_64-linux-gnu/libxcb.so.1.1.0)
==16781==    by 0xE3984AD: _XSend (in /usr/lib/x86_64-linux-gnu/libX11.so.6.3.0)
==16781==    by 0xE38E9D3: XQueryExtension (in /usr/lib/x86_64-linux-gnu/libX11.so.6.3.0)
==16781==    by 0xE3824F1: XInitExtension (in /usr/lib/x86_64-linux-gnu/libX11.so.6.3.0)
==16781==    by 0x162D934F: XFixesFindDisplay (in /usr/lib/x86_64-linux-gnu/libXfixes.so.3.1.0)
==16781==    by 0x162D7935: XFixesSetCursorName (in /usr/lib/x86_64-linux-gnu/libXfixes.so.3.1.0)
==16781==    by 0x160CF627: XcursorImagesLoadCursor (in /usr/lib/x86_64-linux-gnu/libXcursor.so.1.0.2)
==16781==    by 0x160D2984: XcursorTryShapeCursor (in /usr/lib/x86_64-linux-gnu/libXcursor.so.1.0.2)
==16781==    by 0xE377202: XCreateGlyphCursor (in /usr/lib/x86_64-linux-gnu/libX11.so.6.3.0)
==16781==  Address 0x150ab9e0 is 256 bytes inside a block of size 16,384 alloc'd
==16781==    at 0x4C2FB55: calloc (in /usr/lib/valgrind/vgpreload_memcheck-amd64-linux.so)
==16781==    by 0xE388692: XOpenDisplay (in /usr/lib/x86_64-linux-gnu/libX11.so.6.3.0)
==16781==    by 0x151E53B5: TGX11::OpenDisplay(char const*) (GX11Gui.cxx:828)
==16781==    by 0x8D252FE: TGClient::TGClient(char const*) (TGClient.cxx:118)
==16781==    by 0x8CB1CE2: TRootApplication::TRootApplication(char const*, int*, char**) (TRootApplication.cxx:46)
==16781==    by 0x8CB6000: TRootGuiFactory::CreateApplicationImp(char const*, int*, char**) (TRootGuiFactory.cxx:47)
==16781==    by 0x96294D1: TApplication::InitializeGraphics() (TApplication.cxx:310)
==16781==    by 0x962B3C0: TApplication::TApplication(char const*, int*, char**, void*, int) (TApplication.cxx:186)
==16781==    by 0xC1D4553: TRint::TRint(char const*, int*, char**, void*, int, bool) (TRint.cxx:134)
==16781==    by 0x4E50538: TGRSIint::TGRSIint(int, char**, void*, int, bool, char const*) (TGRSIint.cxx:44)
==16781==    by 0x4E5068E: TGRSIint::instance(int, char**, void*, int, bool, char const*) (TGRSIint.cxx:39)
==16781==    by 0x401BEB: main (grsisort.cxx:59)
==16781==  Uninitialised value was created by a stack allocation
==16781==    at 0x151EC5D6: TGX11::OpenDisplay(_XDisplay*) (TGX11.cxx:1048)
==16781== 
==16781== Conditional jump or move depends on uninitialised value(s)
==16781==    at 0xBEC761E: TBranchElement::SetAddress(void*) (TBranchElement.cxx:4873)
==16781==    by 0xBEF3BA7: TTree::SetBranchAddressImp(TBranch*, void*, TBranch**) (TTree.cxx:7378)
==16781==    by 0xBEF3D00: TTree::SetBranchAddress(char const*, void*, TBranch**, TClass*, EDataType, bool) (TTree.cxx:7346)
==16781==    by 0x18BE4F5F: grsiMakerSelector::Process(long long) (in /home/ryan/nuclear/be9/1010/GRSIMaker/grsiMakerSelector_C.so)
==16781==    by 0x17A0F50C: TTreePlayer::Process(TSelector*, char const*, long long, long long) (TTreePlayer.cxx:2179)
==16781==    by 0x17A13455: TTreePlayer::Process(char const*, char const*, long long, long long) (TTreePlayer.cxx:2081)
==16781==    by 0xBE730C1: G__G__Tree_209_0_161(G__value*, char const*, G__param*, int) (G__Tree.cxx:8056)
==16781==    by 0x9B9F3B2: Cint::G__ExceptionWrapper(int (*)(G__value*, char const*, G__param*, int), G__value*, char*, G__param*, int) (Api.cxx:393)
==16781==    by 0x9BA1753: G__execute_call (newlink.cxx:2408)
==16781==    by 0x9BA1B4C: G__call_cppfunc (newlink.cxx:2612)
==16781==    by 0x9BCAE0C: G__interpret_func (ifunc.cxx:5791)
==16781==    by 0x9B8D429: G__getfunction (func.cxx:2660)
==16781==  Uninitialised value was created by a stack allocation
==16781==    at 0x18BE4DCA: grsiMakerSelector::Process(long long) (in /home/ryan/nuclear/be9/1010/GRSIMaker/grsiMakerSelector_C.so)
==16781== 
==16781== Conditional jump or move depends on uninitialised value(s)
==16781==    at 0xBEC6F61: TBranchElement::SetAddress(void*) (TBranchElement.cxx:4426)
==16781==    by 0xBEC70F3: TBranchElement::SetAddress(void*) (TBranchElement.cxx:4921)
==16781==    by 0xBEF3BA7: TTree::SetBranchAddressImp(TBranch*, void*, TBranch**) (TTree.cxx:7378)
==16781==    by 0xBEF3D00: TTree::SetBranchAddress(char const*, void*, TBranch**, TClass*, EDataType, bool) (TTree.cxx:7346)
==16781==    by 0x18BE4F5F: grsiMakerSelector::Process(long long) (in /home/ryan/nuclear/be9/1010/GRSIMaker/grsiMakerSelector_C.so)
==16781==    by 0x17A0F50C: TTreePlayer::Process(TSelector*, char const*, long long, long long) (TTreePlayer.cxx:2179)
==16781==    by 0x17A13455: TTreePlayer::Process(char const*, char const*, long long, long long) (TTreePlayer.cxx:2081)
==16781==    by 0xBE730C1: G__G__Tree_209_0_161(G__value*, char const*, G__param*, int) (G__Tree.cxx:8056)
==16781==    by 0x9B9F3B2: Cint::G__ExceptionWrapper(int (*)(G__value*, char const*, G__param*, int), G__value*, char*, G__param*, int) (Api.cxx:393)
==16781==    by 0x9BA1753: G__execute_call (newlink.cxx:2408)
==16781==    by 0x9BA1B4C: G__call_cppfunc (newlink.cxx:2612)
==16781==    by 0x9BCAE0C: G__interpret_func (ifunc.cxx:5791)
==16781==  Uninitialised value was created by a stack allocation
==16781==    at 0x18BE4DCA: grsiMakerSelector::Process(long long) (in /home/ryan/nuclear/be9/1010/GRSIMaker/grsiMakerSelector_C.so)
==16781== 
==16781== Conditional jump or move depends on uninitialised value(s)
==16781==    at 0xBEC6FEA: TBranchElement::SetAddress(void*) (TBranchElement.cxx:4470)
==16781==    by 0xBEC70F3: TBranchElement::SetAddress(void*) (TBranchElement.cxx:4921)
==16781==    by 0xBEF3BA7: TTree::SetBranchAddressImp(TBranch*, void*, TBranch**) (TTree.cxx:7378)
==16781==    by 0xBEF3D00: TTree::SetBranchAddress(char const*, void*, TBranch**, TClass*, EDataType, bool) (TTree.cxx:7346)
==16781==    by 0x18BE4F5F: grsiMakerSelector::Process(long long) (in /home/ryan/nuclear/be9/1010/GRSIMaker/grsiMakerSelector_C.so)
==16781==    by 0x17A0F50C: TTreePlayer::Process(TSelector*, char const*, long long, long long) (TTreePlayer.cxx:2179)
==16781==    by 0x17A13455: TTreePlayer::Process(char const*, char const*, long long, long long) (TTreePlayer.cxx:2081)
==16781==    by 0xBE730C1: G__G__Tree_209_0_161(G__value*, char const*, G__param*, int) (G__Tree.cxx:8056)
==16781==    by 0x9B9F3B2: Cint::G__ExceptionWrapper(int (*)(G__value*, char const*, G__param*, int), G__value*, char*, G__param*, int) (Api.cxx:393)
==16781==    by 0x9BA1753: G__execute_call (newlink.cxx:2408)
==16781==    by 0x9BA1B4C: G__call_cppfunc (newlink.cxx:2612)
==16781==    by 0x9BCAE0C: G__interpret_func (ifunc.cxx:5791)
==16781==  Uninitialised value was created by a stack allocation
==16781==    at 0x18BE4DCA: grsiMakerSelector::Process(long long) (in /home/ryan/nuclear/be9/1010/GRSIMaker/grsiMakerSelector_C.so)
==16781== 
==16781== Conditional jump or move depends on uninitialised value(s)
==16781==    at 0xBEC6F61: TBranchElement::SetAddress(void*) (TBranchElement.cxx:4426)
==16781==    by 0xBEC70F3: TBranchElement::SetAddress(void*) (TBranchElement.cxx:4921)
==16781==    by 0xBEC70F3: TBranchElement::SetAddress(void*) (TBranchElement.cxx:4921)
==16781==    by 0xBEF3BA7: TTree::SetBranchAddressImp(TBranch*, void*, TBranch**) (TTree.cxx:7378)
==16781==    by 0xBEF3D00: TTree::SetBranchAddress(char const*, void*, TBranch**, TClass*, EDataType, bool) (TTree.cxx:7346)
==16781==    by 0x18BE4F5F: grsiMakerSelector::Process(long long) (in /home/ryan/nuclear/be9/1010/GRSIMaker/grsiMakerSelector_C.so)
==16781==    by 0x17A0F50C: TTreePlayer::Process(TSelector*, char const*, long long, long long) (TTreePlayer.cxx:2179)
==16781==    by 0x17A13455: TTreePlayer::Process(char const*, char const*, long long, long long) (TTreePlayer.cxx:2081)
==16781==    by 0xBE730C1: G__G__Tree_209_0_161(G__value*, char const*, G__param*, int) (G__Tree.cxx:8056)
==16781==    by 0x9B9F3B2: Cint::G__ExceptionWrapper(int (*)(G__value*, char const*, G__param*, int), G__value*, char*, G__param*, int) (Api.cxx:393)
==16781==    by 0x9BA1753: G__execute_call (newlink.cxx:2408)
==16781==    by 0x9BA1B4C: G__call_cppfunc (newlink.cxx:2612)
==16781==  Uninitialised value was created by a stack allocation
==16781==    at 0x18BE4DCA: grsiMakerSelector::Process(long long) (in /home/ryan/nuclear/be9/1010/GRSIMaker/grsiMakerSelector_C.so)
==16781== 
==16781== Conditional jump or move depends on uninitialised value(s)
==16781==    at 0xBEC6FEA: TBranchElement::SetAddress(void*) (TBranchElement.cxx:4470)
==16781==    by 0xBEC70F3: TBranchElement::SetAddress(void*) (TBranchElement.cxx:4921)
==16781==    by 0xBEC70F3: TBranchElement::SetAddress(void*) (TBranchElement.cxx:4921)
==16781==    by 0xBEF3BA7: TTree::SetBranchAddressImp(TBranch*, void*, TBranch**) (TTree.cxx:7378)
==16781==    by 0xBEF3D00: TTree::SetBranchAddress(char const*, void*, TBranch**, TClass*, EDataType, bool) (TTree.cxx:7346)
==16781==    by 0x18BE4F5F: grsiMakerSelector::Process(long long) (in /home/ryan/nuclear/be9/1010/GRSIMaker/grsiMakerSelector_C.so)
==16781==    by 0x17A0F50C: TTreePlayer::Process(TSelector*, char const*, long long, long long) (TTreePlayer.cxx:2179)
==16781==    by 0x17A13455: TTreePlayer::Process(char const*, char const*, long long, long long) (TTreePlayer.cxx:2081)
==16781==    by 0xBE730C1: G__G__Tree_209_0_161(G__value*, char const*, G__param*, int) (G__Tree.cxx:8056)
==16781==    by 0x9B9F3B2: Cint::G__ExceptionWrapper(int (*)(G__value*, char const*, G__param*, int), G__value*, char*, G__param*, int) (Api.cxx:393)
==16781==    by 0x9BA1753: G__execute_call (newlink.cxx:2408)
==16781==    by 0x9BA1B4C: G__call_cppfunc (newlink.cxx:2612)
==16781==  Uninitialised value was created by a stack allocation
==16781==    at 0x18BE4DCA: grsiMakerSelector::Process(long long) (in /home/ryan/nuclear/be9/1010/GRSIMaker/grsiMakerSelector_C.so)
==16781== 
==16781== Conditional jump or move depends on uninitialised value(s)
==16781==    at 0xBEC6F61: TBranchElement::SetAddress(void*) (TBranchElement.cxx:4426)
==16781==    by 0xBEC70F3: TBranchElement::SetAddress(void*) (TBranchElement.cxx:4921)
==16781==    by 0xBEC70F3: TBranchElement::SetAddress(void*) (TBranchElement.cxx:4921)
==16781==    by 0xBEC70F3: TBranchElement::SetAddress(void*) (TBranchElement.cxx:4921)
==16781==    by 0xBEF3BA7: TTree::SetBranchAddressImp(TBranch*, void*, TBranch**) (TTree.cxx:7378)
==16781==    by 0xBEF3D00: TTree::SetBranchAddress(char const*, void*, TBranch**, TClass*, EDataType, bool) (TTree.cxx:7346)
==16781==    by 0x18BE4F5F: grsiMakerSelector::Process(long long) (in /home/ryan/nuclear/be9/1010/GRSIMaker/grsiMakerSelector_C.so)
==16781==    by 0x17A0F50C: TTreePlayer::Process(TSelector*, char const*, long long, long long) (TTreePlayer.cxx:2179)
==16781==    by 0x17A13455: TTreePlayer::Process(char const*, char const*, long long, long long) (TTreePlayer.cxx:2081)
==16781==    by 0xBE730C1: G__G__Tree_209_0_161(G__value*, char const*, G__param*, int) (G__Tree.cxx:8056)
==16781==    by 0x9B9F3B2: Cint::G__ExceptionWrapper(int (*)(G__value*, char const*, G__param*, int), G__value*, char*, G__param*, int) (Api.cxx:393)
==16781==    by 0x9BA1753: G__execute_call (newlink.cxx:2408)
==16781==  Uninitialised value was created by a stack allocation
==16781==    at 0x18BE4DCA: grsiMakerSelector::Process(long long) (in /home/ryan/nuclear/be9/1010/GRSIMaker/grsiMakerSelector_C.so)
==16781== 
==16781== Conditional jump or move depends on uninitialised value(s)
==16781==    at 0xBEC6FEA: TBranchElement::SetAddress(void*) (TBranchElement.cxx:4470)
==16781==    by 0xBEC70F3: TBranchElement::SetAddress(void*) (TBranchElement.cxx:4921)
==16781==    by 0xBEC70F3: TBranchElement::SetAddress(void*) (TBranchElement.cxx:4921)
==16781==    by 0xBEC70F3: TBranchElement::SetAddress(void*) (TBranchElement.cxx:4921)
==16781==    by 0xBEF3BA7: TTree::SetBranchAddressImp(TBranch*, void*, TBranch**) (TTree.cxx:7378)
==16781==    by 0xBEF3D00: TTree::SetBranchAddress(char const*, void*, TBranch**, TClass*, EDataType, bool) (TTree.cxx:7346)
==16781==    by 0x18BE4F5F: grsiMakerSelector::Process(long long) (in /home/ryan/nuclear/be9/1010/GRSIMaker/grsiMakerSelector_C.so)
==16781==    by 0x17A0F50C: TTreePlayer::Process(TSelector*, char const*, long long, long long) (TTreePlayer.cxx:2179)
==16781==    by 0x17A13455: TTreePlayer::Process(char const*, char const*, long long, long long) (TTreePlayer.cxx:2081)
==16781==    by 0xBE730C1: G__G__Tree_209_0_161(G__value*, char const*, G__param*, int) (G__Tree.cxx:8056)
==16781==    by 0x9B9F3B2: Cint::G__ExceptionWrapper(int (*)(G__value*, char const*, G__param*, int), G__value*, char*, G__param*, int) (Api.cxx:393)
==16781==    by 0x9BA1753: G__execute_call (newlink.cxx:2408)
==16781==  Uninitialised value was created by a stack allocation
==16781==    at 0x18BE4DCA: grsiMakerSelector::Process(long long) (in /home/ryan/nuclear/be9/1010/GRSIMaker/grsiMakerSelector_C.so)
==16781== 
==16781== Conditional jump or move depends on uninitialised value(s)
==16781==    at 0xBEC77BC: TBranchElement::SetAddress(void*) (TBranchElement.cxx:4781)
==16781==    by 0xBEC70F3: TBranchElement::SetAddress(void*) (TBranchElement.cxx:4921)
==16781==    by 0xBEF3BA7: TTree::SetBranchAddressImp(TBranch*, void*, TBranch**) (TTree.cxx:7378)
==16781==    by 0xBEF3D00: TTree::SetBranchAddress(char const*, void*, TBranch**, TClass*, EDataType, bool) (TTree.cxx:7346)
==16781==    by 0x18BE4F5F: grsiMakerSelector::Process(long long) (in /home/ryan/nuclear/be9/1010/GRSIMaker/grsiMakerSelector_C.so)
==16781==    by 0x17A0F50C: TTreePlayer::Process(TSelector*, char const*, long long, long long) (TTreePlayer.cxx:2179)
==16781==    by 0x17A13455: TTreePlayer::Process(char const*, char const*, long long, long long) (TTreePlayer.cxx:2081)
==16781==    by 0xBE730C1: G__G__Tree_209_0_161(G__value*, char const*, G__param*, int) (G__Tree.cxx:8056)
==16781==    by 0x9B9F3B2: Cint::G__ExceptionWrapper(int (*)(G__value*, char const*, G__param*, int), G__value*, char*, G__param*, int) (Api.cxx:393)
==16781==    by 0x9BA1753: G__execute_call (newlink.cxx:2408)
==16781==    by 0x9BA1B4C: G__call_cppfunc (newlink.cxx:2612)
==16781==    by 0x9BCAE0C: G__interpret_func (ifunc.cxx:5791)
==16781==  Uninitialised value was created by a stack allocation
==16781==    at 0x18BE4DCA: grsiMakerSelector::Process(long long) (in /home/ryan/nuclear/be9/1010/GRSIMaker/grsiMakerSelector_C.so)
==16781== 
==16781== Conditional jump or move depends on uninitialised value(s)
==16781==    at 0x72F8AD4: std::vector<TCSMHit, std::allocator<TCSMHit> >::operator=(std::vector<TCSMHit, std::allocator<TCSMHit> > const&) (vector.tcc:170)
==16781==    by 0x18BE51BB: grsiMakerSelector::Process(long long) (in /home/ryan/nuclear/be9/1010/GRSIMaker/grsiMakerSelector_C.so)
==16781==    by 0x17A0F50C: TTreePlayer::Process(TSelector*, char const*, long long, long long) (TTreePlayer.cxx:2179)
==16781==    by 0x17A13455: TTreePlayer::Process(char const*, char const*, long long, long long) (TTreePlayer.cxx:2081)
==16781==    by 0xBE730C1: G__G__Tree_209_0_161(G__value*, char const*, G__param*, int) (G__Tree.cxx:8056)
==16781==    by 0x9B9F3B2: Cint::G__ExceptionWrapper(int (*)(G__value*, char const*, G__param*, int), G__value*, char*, G__param*, int) (Api.cxx:393)
==16781==    by 0x9BA1753: G__execute_call (newlink.cxx:2408)
==16781==    by 0x9BA1B4C: G__call_cppfunc (newlink.cxx:2612)
==16781==    by 0x9BCAE0C: G__interpret_func (ifunc.cxx:5791)
==16781==    by 0x9B8D429: G__getfunction (func.cxx:2660)
==16781==    by 0x9B5F4EF: G__getstructmem(int, G__FastAllocString&, char*, int, char*, int*, G__var_array*, int) (var.cxx:6821)
==16781==    by 0x9B55EEA: G__getvariable (var.cxx:5407)
==16781==  Uninitialised value was created by a stack allocation
==16781==    at 0x18BE4DCA: grsiMakerSelector::Process(long long) (in /home/ryan/nuclear/be9/1010/GRSIMaker/grsiMakerSelector_C.so)
==16781== 
==16781== Use of uninitialised value of size 8
==16781==    at 0x72F8AEB: size (stl_vector.h:655)
==16781==    by 0x72F8AEB: std::vector<TCSMHit, std::allocator<TCSMHit> >::operator=(std::vector<TCSMHit, std::allocator<TCSMHit> > const&) (vector.tcc:191)
==16781==    by 0x18BE51BB: grsiMakerSelector::Process(long long) (in /home/ryan/nuclear/be9/1010/GRSIMaker/grsiMakerSelector_C.so)
==16781==    by 0x17A0F50C: TTreePlayer::Process(TSelector*, char const*, long long, long long) (TTreePlayer.cxx:2179)
==16781==    by 0x17A13455: TTreePlayer::Process(char const*, char const*, long long, long long) (TTreePlayer.cxx:2081)
==16781==    by 0xBE730C1: G__G__Tree_209_0_161(G__value*, char const*, G__param*, int) (G__Tree.cxx:8056)
==16781==    by 0x9B9F3B2: Cint::G__ExceptionWrapper(int (*)(G__value*, char const*, G__param*, int), G__value*, char*, G__param*, int) (Api.cxx:393)
==16781==    by 0x9BA1753: G__execute_call (newlink.cxx:2408)
==16781==    by 0x9BA1B4C: G__call_cppfunc (newlink.cxx:2612)
==16781==    by 0x9BCAE0C: G__interpret_func (ifunc.cxx:5791)
==16781==    by 0x9B8D429: G__getfunction (func.cxx:2660)
==16781==    by 0x9B5F4EF: G__getstructmem(int, G__FastAllocString&, char*, int, char*, int*, G__var_array*, int) (var.cxx:6821)
==16781==    by 0x9B55EEA: G__getvariable (var.cxx:5407)
==16781==  Uninitialised value was created by a stack allocation
==16781==    at 0x18BE4DCA: grsiMakerSelector::Process(long long) (in /home/ryan/nuclear/be9/1010/GRSIMaker/grsiMakerSelector_C.so)
==16781== 
==16781== Use of uninitialised value of size 8
==16781==    at 0x72F8B1E: std::vector<TCSMHit, std::allocator<TCSMHit> >::operator=(std::vector<TCSMHit, std::allocator<TCSMHit> > const&) (vector.tcc:192)
==16781==    by 0x18BE51BB: grsiMakerSelector::Process(long long) (in /home/ryan/nuclear/be9/1010/GRSIMaker/grsiMakerSelector_C.so)
==16781==    by 0x17A0F50C: TTreePlayer::Process(TSelector*, char const*, long long, long long) (TTreePlayer.cxx:2179)
==16781==    by 0x17A13455: TTreePlayer::Process(char const*, char const*, long long, long long) (TTreePlayer.cxx:2081)
==16781==    by 0xBE730C1: G__G__Tree_209_0_161(G__value*, char const*, G__param*, int) (G__Tree.cxx:8056)
==16781==    by 0x9B9F3B2: Cint::G__ExceptionWrapper(int (*)(G__value*, char const*, G__param*, int), G__value*, char*, G__param*, int) (Api.cxx:393)
==16781==    by 0x9BA1753: G__execute_call (newlink.cxx:2408)
==16781==    by 0x9BA1B4C: G__call_cppfunc (newlink.cxx:2612)
==16781==    by 0x9BCAE0C: G__interpret_func (ifunc.cxx:5791)
==16781==    by 0x9B8D429: G__getfunction (func.cxx:2660)
==16781==    by 0x9B5F4EF: G__getstructmem(int, G__FastAllocString&, char*, int, char*, int*, G__var_array*, int) (var.cxx:6821)
==16781==    by 0x9B55EEA: G__getvariable (var.cxx:5407)
==16781==  Uninitialised value was created by a stack allocation
==16781==    at 0x18BE4DCA: grsiMakerSelector::Process(long long) (in /home/ryan/nuclear/be9/1010/GRSIMaker/grsiMakerSelector_C.so)
==16781== 
==16781== Conditional jump or move depends on uninitialised value(s)
==16781==    at 0x961B295: TObject::operator=(TObject const&) (TObject.cxx:110)
==16781==    by 0x72F8B5A: operator= (TGRSIDetectorHit.h:26)
==16781==    by 0x72F8B5A: operator= (TCSMHit.h:19)
==16781==    by 0x72F8B5A: __copy_m<const TCSMHit*, TCSMHit*> (stl_algobase.h:340)
==16781==    by 0x72F8B5A: __copy_move_a<false, const TCSMHit*, TCSMHit*> (stl_algobase.h:402)
==16781==    by 0x72F8B5A: __copy_move_a2<false, __gnu_cxx::__normal_iterator<const TCSMHit*, std::vector<TCSMHit> >, __gnu_cxx::__normal_iterator<TCSMHit*, std::vector<TCSMHit> > > (stl_algobase.h:438)
==16781==    by 0x72F8B5A: copy<__gnu_cxx::__normal_iterator<const TCSMHit*, std::vector<TCSMHit> >, __gnu_cxx::__normal_iterator<TCSMHit*, std::vector<TCSMHit> > > (stl_algobase.h:472)
==16781==    by 0x72F8B5A: std::vector<TCSMHit, std::allocator<TCSMHit> >::operator=(std::vector<TCSMHit, std::allocator<TCSMHit> > const&) (vector.tcc:206)
==16781==    by 0x18BE51BB: grsiMakerSelector::Process(long long) (in /home/ryan/nuclear/be9/1010/GRSIMaker/grsiMakerSelector_C.so)
==16781==    by 0x17A0F50C: TTreePlayer::Process(TSelector*, char const*, long long, long long) (TTreePlayer.cxx:2179)
==16781==    by 0x17A13455: TTreePlayer::Process(char const*, char const*, long long, long long) (TTreePlayer.cxx:2081)
==16781==    by 0xBE730C1: G__G__Tree_209_0_161(G__value*, char const*, G__param*, int) (G__Tree.cxx:8056)
==16781==    by 0x9B9F3B2: Cint::G__ExceptionWrapper(int (*)(G__value*, char const*, G__param*, int), G__value*, char*, G__param*, int) (Api.cxx:393)
==16781==    by 0x9BA1753: G__execute_call (newlink.cxx:2408)
==16781==    by 0x9BA1B4C: G__call_cppfunc (newlink.cxx:2612)
==16781==    by 0x9BCAE0C: G__interpret_func (ifunc.cxx:5791)
==16781==    by 0x9B8D429: G__getfunction (func.cxx:2660)
==16781==    by 0x9B5F4EF: G__getstructmem(int, G__FastAllocString&, char*, int, char*, int*, G__var_array*, int) (var.cxx:6821)
==16781==  Uninitialised value was created by a heap allocation
==16781==    at 0x4C2E0EF: operator new(unsigned long) (in /usr/lib/valgrind/vgpreload_memcheck-amd64-linux.so)
==16781==    by 0x72F90FC: allocate (new_allocator.h:104)
==16781==    by 0x72F90FC: allocate (alloc_traits.h:491)
==16781==    by 0x72F90FC: _M_allocate (stl_vector.h:170)
==16781==    by 0x72F90FC: _M_allocate_and_copy<__gnu_cxx::__normal_iterator<const TCSMHit*, std::vector<TCSMHit> > > (stl_vector.h:1224)
==16781==    by 0x72F90FC: std::vector<TCSMHit, std::allocator<TCSMHit> >::operator=(std::vector<TCSMHit, std::allocator<TCSMHit> > const&) (vector.tcc:195)
==16781==    by 0x18BE51BB: grsiMakerSelector::Process(long long) (in /home/ryan/nuclear/be9/1010/GRSIMaker/grsiMakerSelector_C.so)
==16781==    by 0x17A0F50C: TTreePlayer::Process(TSelector*, char const*, long long, long long) (TTreePlayer.cxx:2179)
==16781==    by 0x17A13455: TTreePlayer::Process(char const*, char const*, long long, long long) (TTreePlayer.cxx:2081)
==16781==    by 0xBE730C1: G__G__Tree_209_0_161(G__value*, char const*, G__param*, int) (G__Tree.cxx:8056)
==16781==    by 0x9B9F3B2: Cint::G__ExceptionWrapper(int (*)(G__value*, char const*, G__param*, int), G__value*, char*, G__param*, int) (Api.cxx:393)
==16781==    by 0x9BA1753: G__execute_call (newlink.cxx:2408)
==16781==    by 0x9BA1B4C: G__call_cppfunc (newlink.cxx:2612)
==16781==    by 0x9BCAE0C: G__interpret_func (ifunc.cxx:5791)
==16781==    by 0x9B8D429: G__getfunction (func.cxx:2660)
==16781==    by 0x9B5F4EF: G__getstructmem(int, G__FastAllocString&, char*, int, char*, int*, G__var_array*, int) (var.cxx:6821)
==16781== 
==16781== Use of uninitialised value of size 8
==16781==    at 0x72F8D42: __destroy<__gnu_cxx::__normal_iterator<TCSMHit*, std::vector<TCSMHit> > > (stl_construct.h:102)
==16781==    by 0x72F8D42: _Destroy<__gnu_cxx::__normal_iterator<TCSMHit*, std::vector<TCSMHit> > > (stl_construct.h:126)
==16781==    by 0x72F8D42: _Destroy<__gnu_cxx::__normal_iterator<TCSMHit*, std::vector<TCSMHit> >, TCSMHit> (stl_construct.h:151)
==16781==    by 0x72F8D42: std::vector<TCSMHit, std::allocator<TCSMHit> >::operator=(std::vector<TCSMHit, std::allocator<TCSMHit> > const&) (vector.tcc:206)
==16781==    by 0x18BE51BB: grsiMakerSelector::Process(long long) (in /home/ryan/nuclear/be9/1010/GRSIMaker/grsiMakerSelector_C.so)
==16781==    by 0x17A0F50C: TTreePlayer::Process(TSelector*, char const*, long long, long long) (TTreePlayer.cxx:2179)
==16781==    by 0x17A13455: TTreePlayer::Process(char const*, char const*, long long, long long) (TTreePlayer.cxx:2081)
==16781==    by 0xBE730C1: G__G__Tree_209_0_161(G__value*, char const*, G__param*, int) (G__Tree.cxx:8056)
==16781==    by 0x9B9F3B2: Cint::G__ExceptionWrapper(int (*)(G__value*, char const*, G__param*, int), G__value*, char*, G__param*, int) (Api.cxx:393)
==16781==    by 0x9BA1753: G__execute_call (newlink.cxx:2408)
==16781==    by 0x9BA1B4C: G__call_cppfunc (newlink.cxx:2612)
==16781==    by 0x9BCAE0C: G__interpret_func (ifunc.cxx:5791)
==16781==    by 0x9B8D429: G__getfunction (func.cxx:2660)
==16781==    by 0x9B5F4EF: G__getstructmem(int, G__FastAllocString&, char*, int, char*, int*, G__var_array*, int) (var.cxx:6821)
==16781==    by 0x9B55EEA: G__getvariable (var.cxx:5407)
==16781==  Uninitialised value was created by a stack allocation
==16781==    at 0x18BE4DCA: grsiMakerSelector::Process(long long) (in /home/ryan/nuclear/be9/1010/GRSIMaker/grsiMakerSelector_C.so)
==16781== 
==16781== Conditional jump or move depends on uninitialised value(s)
==16781==    at 0xBEC93DC: ValidateAddress (TBranchElement.h:257)
==16781==    by 0xBEC93DC: TBranchElement::Fill() (TBranchElement.cxx:1203)
==16781==    by 0xBEFD828: TTree::Fill() (TTree.cxx:4197)
==16781==    by 0x18BE5209: grsiMakerSelector::Process(long long) (in /home/ryan/nuclear/be9/1010/GRSIMaker/grsiMakerSelector_C.so)
==16781==    by 0x17A0F50C: TTreePlayer::Process(TSelector*, char const*, long long, long long) (TTreePlayer.cxx:2179)
==16781==    by 0x17A13455: TTreePlayer::Process(char const*, char const*, long long, long long) (TTreePlayer.cxx:2081)
==16781==    by 0xBE730C1: G__G__Tree_209_0_161(G__value*, char const*, G__param*, int) (G__Tree.cxx:8056)
==16781==    by 0x9B9F3B2: Cint::G__ExceptionWrapper(int (*)(G__value*, char const*, G__param*, int), G__value*, char*, G__param*, int) (Api.cxx:393)
==16781==    by 0x9BA1753: G__execute_call (newlink.cxx:2408)
==16781==    by 0x9BA1B4C: G__call_cppfunc (newlink.cxx:2612)
==16781==    by 0x9BCAE0C: G__interpret_func (ifunc.cxx:5791)
==16781==    by 0x9B8D429: G__getfunction (func.cxx:2660)
==16781==    by 0x9B5F4EF: G__getstructmem(int, G__FastAllocString&, char*, int, char*, int*, G__var_array*, int) (var.cxx:6821)
==16781==  Uninitialised value was created by a stack allocation
==16781==    at 0x18BE4DCA: grsiMakerSelector::Process(long long) (in /home/ryan/nuclear/be9/1010/GRSIMaker/grsiMakerSelector_C.so)
==16781== 
==16781== Conditional jump or move depends on uninitialised value(s)
==16781==    at 0xBEC940D: TBranchElement::Fill() (TBranchElement.cxx:1210)
==16781==    by 0xBEFD828: TTree::Fill() (TTree.cxx:4197)
==16781==    by 0x18BE5209: grsiMakerSelector::Process(long long) (in /home/ryan/nuclear/be9/1010/GRSIMaker/grsiMakerSelector_C.so)
==16781==    by 0x17A0F50C: TTreePlayer::Process(TSelector*, char const*, long long, long long) (TTreePlayer.cxx:2179)
==16781==    by 0x17A13455: TTreePlayer::Process(char const*, char const*, long long, long long) (TTreePlayer.cxx:2081)
==16781==    by 0xBE730C1: G__G__Tree_209_0_161(G__value*, char const*, G__param*, int) (G__Tree.cxx:8056)
==16781==    by 0x9B9F3B2: Cint::G__ExceptionWrapper(int (*)(G__value*, char const*, G__param*, int), G__value*, char*, G__param*, int) (Api.cxx:393)
==16781==    by 0x9BA1753: G__execute_call (newlink.cxx:2408)
==16781==    by 0x9BA1B4C: G__call_cppfunc (newlink.cxx:2612)
==16781==    by 0x9BCAE0C: G__interpret_func (ifunc.cxx:5791)
==16781==    by 0x9B8D429: G__getfunction (func.cxx:2660)
==16781==    by 0x9B5F4EF: G__getstructmem(int, G__FastAllocString&, char*, int, char*, int*, G__var_array*, int) (var.cxx:6821)
==16781==  Uninitialised value was created by a stack allocation
==16781==    at 0x18BE4DCA: grsiMakerSelector::Process(long long) (in /home/ryan/nuclear/be9/1010/GRSIMaker/grsiMakerSelector_C.so)
==16781== 
==16781== Conditional jump or move depends on uninitialised value(s)
==16781==    at 0xBEBE8E2: TBranchElement::FillLeavesMember(TBuffer&) (TBranchElement.cxx:1710)
==16781==    by 0xBEDA1F9: TBranch::Fill() (TBranch.cxx:758)
==16781==    by 0xBEC955F: TBranchElement::Fill() (TBranchElement.cxx:1232)
==16781==    by 0xBEC92E7: TBranchElement::Fill() (TBranchElement.cxx:1257)
==16781==    by 0xBEC92E7: TBranchElement::Fill() (TBranchElement.cxx:1257)
==16781==    by 0xBEC92E7: TBranchElement::Fill() (TBranchElement.cxx:1257)
==16781==    by 0xBEFD828: TTree::Fill() (TTree.cxx:4197)
==16781==    by 0x18BE5209: grsiMakerSelector::Process(long long) (in /home/ryan/nuclear/be9/1010/GRSIMaker/grsiMakerSelector_C.so)
==16781==    by 0x17A0F50C: TTreePlayer::Process(TSelector*, char const*, long long, long long) (TTreePlayer.cxx:2179)
==16781==    by 0x17A13455: TTreePlayer::Process(char const*, char const*, long long, long long) (TTreePlayer.cxx:2081)
==16781==    by 0xBE730C1: G__G__Tree_209_0_161(G__value*, char const*, G__param*, int) (G__Tree.cxx:8056)
==16781==    by 0x9B9F3B2: Cint::G__ExceptionWrapper(int (*)(G__value*, char const*, G__param*, int), G__value*, char*, G__param*, int) (Api.cxx:393)
==16781==  Uninitialised value was created by a stack allocation
==16781==    at 0x18BE4DCA: grsiMakerSelector::Process(long long) (in /home/ryan/nuclear/be9/1010/GRSIMaker/grsiMakerSelector_C.so)
==16781== 
==16781== Use of uninitialised value of size 8
==16781==    at 0xA5444CD: int TStreamerInfoActions::WriteBasicType<unsigned int>(TBuffer&, void*, TStreamerInfoActions::TConfiguration const*) (TStreamerInfoActions.cxx:225)
==16781==    by 0xA667DD4: operator() (TStreamerInfoActions.h:111)
==16781==    by 0xA667DD4: TBufferFile::ApplySequence(TStreamerInfoActions::TActionSequence const&, void*) (TBufferFile.cxx:3973)
==16781==    by 0xBEDA1F9: TBranch::Fill() (TBranch.cxx:758)
==16781==    by 0xBEC955F: TBranchElement::Fill() (TBranchElement.cxx:1232)
==16781==    by 0xBEC92E7: TBranchElement::Fill() (TBranchElement.cxx:1257)
==16781==    by 0xBEC92E7: TBranchElement::Fill() (TBranchElement.cxx:1257)
==16781==    by 0xBEC92E7: TBranchElement::Fill() (TBranchElement.cxx:1257)
==16781==    by 0xBEFD828: TTree::Fill() (TTree.cxx:4197)
==16781==    by 0x18BE5209: grsiMakerSelector::Process(long long) (in /home/ryan/nuclear/be9/1010/GRSIMaker/grsiMakerSelector_C.so)
==16781==    by 0x17A0F50C: TTreePlayer::Process(TSelector*, char const*, long long, long long) (TTreePlayer.cxx:2179)
==16781==    by 0x17A13455: TTreePlayer::Process(char const*, char const*, long long, long long) (TTreePlayer.cxx:2081)
==16781==    by 0xBE730C1: G__G__Tree_209_0_161(G__value*, char const*, G__param*, int) (G__Tree.cxx:8056)
==16781==  Uninitialised value was created by a stack allocation
==16781==    at 0x18BE4DCA: grsiMakerSelector::Process(long long) (in /home/ryan/nuclear/be9/1010/GRSIMaker/grsiMakerSelector_C.so)
==16781== 
==16781== Use of uninitialised value of size 8
==16781==    at 0xA642DD0: operator<< (TBuffer.h:352)
==16781==    by 0xA642DD0: int TStreamerInfo::WriteBufferAux<char**>(TBuffer&, char** const&, TStreamerInfo::TCompInfo* const*, int, int, int, int, int) (TStreamerInfoWriteBuffer.cxx:415)
==16781==    by 0xA4FAE42: TStreamerInfoActions::GenericWriteAction(TBuffer&, void*, TStreamerInfoActions::TConfiguration const*) (TStreamerInfoActions.cxx:174)
==16781==    by 0xA667DD4: operator() (TStreamerInfoActions.h:111)
==16781==    by 0xA667DD4: TBufferFile::ApplySequence(TStreamerInfoActions::TActionSequence const&, void*) (TBufferFile.cxx:3973)
==16781==    by 0xBEDA1F9: TBranch::Fill() (TBranch.cxx:758)
==16781==    by 0xBEC955F: TBranchElement::Fill() (TBranchElement.cxx:1232)
==16781==    by 0xBEC92E7: TBranchElement::Fill() (TBranchElement.cxx:1257)
==16781==    by 0xBEC92E7: TBranchElement::Fill() (TBranchElement.cxx:1257)
==16781==    by 0xBEC92E7: TBranchElement::Fill() (TBranchElement.cxx:1257)
==16781==    by 0xBEFD828: TTree::Fill() (TTree.cxx:4197)
==16781==    by 0x18BE5209: grsiMakerSelector::Process(long long) (in /home/ryan/nuclear/be9/1010/GRSIMaker/grsiMakerSelector_C.so)
==16781==    by 0x17A0F50C: TTreePlayer::Process(TSelector*, char const*, long long, long long) (TTreePlayer.cxx:2179)
==16781==    by 0x17A13455: TTreePlayer::Process(char const*, char const*, long long, long long) (TTreePlayer.cxx:2081)
==16781==  Uninitialised value was created by a stack allocation
==16781==    at 0x18BE4DCA: grsiMakerSelector::Process(long long) (in /home/ryan/nuclear/be9/1010/GRSIMaker/grsiMakerSelector_C.so)
==16781== 
==16781== Use of uninitialised value of size 8
==16781==    at 0xA642DD8: int TStreamerInfo::WriteBufferAux<char**>(TBuffer&, char** const&, TStreamerInfo::TCompInfo* const*, int, int, int, int, int) (TStreamerInfoWriteBuffer.cxx:416)
==16781==    by 0xA4FAE42: TStreamerInfoActions::GenericWriteAction(TBuffer&, void*, TStreamerInfoActions::TConfiguration const*) (TStreamerInfoActions.cxx:174)
==16781==    by 0xA667DD4: operator() (TStreamerInfoActions.h:111)
==16781==    by 0xA667DD4: TBufferFile::ApplySequence(TStreamerInfoActions::TActionSequence const&, void*) (TBufferFile.cxx:3973)
==16781==    by 0xBEDA1F9: TBranch::Fill() (TBranch.cxx:758)
==16781==    by 0xBEC955F: TBranchElement::Fill() (TBranchElement.cxx:1232)
==16781==    by 0xBEC92E7: TBranchElement::Fill() (TBranchElement.cxx:1257)
==16781==    by 0xBEC92E7: TBranchElement::Fill() (TBranchElement.cxx:1257)
==16781==    by 0xBEC92E7: TBranchElement::Fill() (TBranchElement.cxx:1257)
==16781==    by 0xBEFD828: TTree::Fill() (TTree.cxx:4197)
==16781==    by 0x18BE5209: grsiMakerSelector::Process(long long) (in /home/ryan/nuclear/be9/1010/GRSIMaker/grsiMakerSelector_C.so)
==16781==    by 0x17A0F50C: TTreePlayer::Process(TSelector*, char const*, long long, long long) (TTreePlayer.cxx:2179)
==16781==    by 0x17A13455: TTreePlayer::Process(char const*, char const*, long long, long long) (TTreePlayer.cxx:2081)
==16781==  Uninitialised value was created by a stack allocation
==16781==    at 0x18BE4DCA: grsiMakerSelector::Process(long long) (in /home/ryan/nuclear/be9/1010/GRSIMaker/grsiMakerSelector_C.so)
==16781== 
==16781== Conditional jump or move depends on uninitialised value(s)
==16781==    at 0xBEC06E8: TBranchElement::FillLeavesCollection(TBuffer&) (TBranchElement.cxx:1402)
==16781==    by 0xBEDA1F9: TBranch::Fill() (TBranch.cxx:758)
==16781==    by 0xBEC963F: TBranchElement::Fill() (TBranchElement.cxx:1244)
==16781==    by 0xBEC92E7: TBranchElement::Fill() (TBranchElement.cxx:1257)
==16781==    by 0xBEFD828: TTree::Fill() (TTree.cxx:4197)
==16781==    by 0x18BE5209: grsiMakerSelector::Process(long long) (in /home/ryan/nuclear/be9/1010/GRSIMaker/grsiMakerSelector_C.so)
==16781==    by 0x17A0F50C: TTreePlayer::Process(TSelector*, char const*, long long, long long) (TTreePlayer.cxx:2179)
==16781==    by 0x17A13455: TTreePlayer::Process(char const*, char const*, long long, long long) (TTreePlayer.cxx:2081)
==16781==    by 0xBE730C1: G__G__Tree_209_0_161(G__value*, char const*, G__param*, int) (G__Tree.cxx:8056)
==16781==    by 0x9B9F3B2: Cint::G__ExceptionWrapper(int (*)(G__value*, char const*, G__param*, int), G__value*, char*, G__param*, int) (Api.cxx:393)
==16781==    by 0x9BA1753: G__execute_call (newlink.cxx:2408)
==16781==    by 0x9BA1B4C: G__call_cppfunc (newlink.cxx:2612)
==16781==  Uninitialised value was created by a stack allocation
==16781==    at 0x18BE4DCA: grsiMakerSelector::Process(long long) (in /home/ryan/nuclear/be9/1010/GRSIMaker/grsiMakerSelector_C.so)
==16781== 
==16781== Conditional jump or move depends on uninitialised value(s)
==16781==    at 0xA58E978: TGenCollectionProxy::Size() const (TGenCollectionProxy.cxx:1000)
==16781==    by 0xBEC0715: TBranchElement::FillLeavesCollection(TBuffer&) (TBranchElement.cxx:1410)
==16781==    by 0xBEDA1F9: TBranch::Fill() (TBranch.cxx:758)
==16781==    by 0xBEC963F: TBranchElement::Fill() (TBranchElement.cxx:1244)
==16781==    by 0xBEC92E7: TBranchElement::Fill() (TBranchElement.cxx:1257)
==16781==    by 0xBEFD828: TTree::Fill() (TTree.cxx:4197)
==16781==    by 0x18BE5209: grsiMakerSelector::Process(long long) (in /home/ryan/nuclear/be9/1010/GRSIMaker/grsiMakerSelector_C.so)
==16781==    by 0x17A0F50C: TTreePlayer::Process(TSelector*, char const*, long long, long long) (TTreePlayer.cxx:2179)
==16781==    by 0x17A13455: TTreePlayer::Process(char const*, char const*, long long, long long) (TTreePlayer.cxx:2081)
==16781==    by 0xBE730C1: G__G__Tree_209_0_161(G__value*, char const*, G__param*, int) (G__Tree.cxx:8056)
==16781==    by 0x9B9F3B2: Cint::G__ExceptionWrapper(int (*)(G__value*, char const*, G__param*, int), G__value*, char*, G__param*, int) (Api.cxx:393)
==16781==    by 0x9BA1753: G__execute_call (newlink.cxx:2408)
==16781==  Uninitialised value was created by a stack allocation
==16781==    at 0x18BE4DCA: grsiMakerSelector::Process(long long) (in /home/ryan/nuclear/be9/1010/GRSIMaker/grsiMakerSelector_C.so)
==16781== 
==16781== Use of uninitialised value of size 8
==16781==    at 0x73099D4: ROOT::TCollectionProxyInfo::Type<std::vector<TCSMHit, std::allocator<TCSMHit> > >::size(void*) (TCollectionProxyInfo.h:275)
==16781==    by 0xA58E995: invoke (TGenCollectionProxy.h:221)
==16781==    by 0xA58E995: TGenCollectionProxy::Size() const (TGenCollectionProxy.cxx:1004)
==16781==    by 0xBEC0715: TBranchElement::FillLeavesCollection(TBuffer&) (TBranchElement.cxx:1410)
==16781==    by 0xBEDA1F9: TBranch::Fill() (TBranch.cxx:758)
==16781==    by 0xBEC963F: TBranchElement::Fill() (TBranchElement.cxx:1244)
==16781==    by 0xBEC92E7: TBranchElement::Fill() (TBranchElement.cxx:1257)
==16781==    by 0xBEFD828: TTree::Fill() (TTree.cxx:4197)
==16781==    by 0x18BE5209: grsiMakerSelector::Process(long long) (in /home/ryan/nuclear/be9/1010/GRSIMaker/grsiMakerSelector_C.so)
==16781==    by 0x17A0F50C: TTreePlayer::Process(TSelector*, char const*, long long, long long) (TTreePlayer.cxx:2179)
==16781==    by 0x17A13455: TTreePlayer::Process(char const*, char const*, long long, long long) (TTreePlayer.cxx:2081)
==16781==    by 0xBE730C1: G__G__Tree_209_0_161(G__value*, char const*, G__param*, int) (G__Tree.cxx:8056)
==16781==    by 0x9B9F3B2: Cint::G__ExceptionWrapper(int (*)(G__value*, char const*, G__param*, int), G__value*, char*, G__param*, int) (Api.cxx:393)
==16781==  Uninitialised value was created by a stack allocation
==16781==    at 0x18BE4DCA: grsiMakerSelector::Process(long long) (in /home/ryan/nuclear/be9/1010/GRSIMaker/grsiMakerSelector_C.so)
==16781== 
==16781== Use of uninitialised value of size 8
==16781==    at 0x7309B50: ROOT::TCollectionProxyInfo::Iterators<std::vector<TCSMHit, std::allocator<TCSMHit> >, false>::create(void*, void**, void**, TVirtualCollectionProxy*) (TCollectionProxyInfo.h:122)
==16781==    by 0xBEC083B: CreateIterators (TVirtualCollectionIterators.h:70)
==16781==    by 0xBEC083B: TBranchElement::FillLeavesCollection(TBuffer&) (TBranchElement.cxx:1426)
==16781==    by 0xBEDA1F9: TBranch::Fill() (TBranch.cxx:758)
==16781==    by 0xBEC963F: TBranchElement::Fill() (TBranchElement.cxx:1244)
==16781==    by 0xBEC92E7: TBranchElement::Fill() (TBranchElement.cxx:1257)
==16781==    by 0xBEFD828: TTree::Fill() (TTree.cxx:4197)
==16781==    by 0x18BE5209: grsiMakerSelector::Process(long long) (in /home/ryan/nuclear/be9/1010/GRSIMaker/grsiMakerSelector_C.so)
==16781==    by 0x17A0F50C: TTreePlayer::Process(TSelector*, char const*, long long, long long) (TTreePlayer.cxx:2179)
==16781==    by 0x17A13455: TTreePlayer::Process(char const*, char const*, long long, long long) (TTreePlayer.cxx:2081)
==16781==    by 0xBE730C1: G__G__Tree_209_0_161(G__value*, char const*, G__param*, int) (G__Tree.cxx:8056)
==16781==    by 0x9B9F3B2: Cint::G__ExceptionWrapper(int (*)(G__value*, char const*, G__param*, int), G__value*, char*, G__param*, int) (Api.cxx:393)
==16781==    by 0x9BA1753: G__execute_call (newlink.cxx:2408)
==16781==  Uninitialised value was created by a stack allocation
==16781==    at 0x18BE4DCA: grsiMakerSelector::Process(long long) (in /home/ryan/nuclear/be9/1010/GRSIMaker/grsiMakerSelector_C.so)
==16781== 
==16781== Use of uninitialised value of size 8
==16781==    at 0x7309B5C: __normal_iterator (stl_iterator.h:741)
==16781==    by 0x7309B5C: end (stl_vector.h:566)
==16781==    by 0x7309B5C: ROOT::TCollectionProxyInfo::Iterators<std::vector<TCSMHit, std::allocator<TCSMHit> >, false>::create(void*, void**, void**, TVirtualCollectionProxy*) (TCollectionProxyInfo.h:134)
==16781==    by 0xBEC083B: CreateIterators (TVirtualCollectionIterators.h:70)
==16781==    by 0xBEC083B: TBranchElement::FillLeavesCollection(TBuffer&) (TBranchElement.cxx:1426)
==16781==    by 0xBEDA1F9: TBranch::Fill() (TBranch.cxx:758)
==16781==    by 0xBEC963F: TBranchElement::Fill() (TBranchElement.cxx:1244)
==16781==    by 0xBEC92E7: TBranchElement::Fill() (TBranchElement.cxx:1257)
==16781==    by 0xBEFD828: TTree::Fill() (TTree.cxx:4197)
==16781==    by 0x18BE5209: grsiMakerSelector::Process(long long) (in /home/ryan/nuclear/be9/1010/GRSIMaker/grsiMakerSelector_C.so)
==16781==    by 0x17A0F50C: TTreePlayer::Process(TSelector*, char const*, long long, long long) (TTreePlayer.cxx:2179)
==16781==    by 0x17A13455: TTreePlayer::Process(char const*, char const*, long long, long long) (TTreePlayer.cxx:2081)
==16781==    by 0xBE730C1: G__G__Tree_209_0_161(G__value*, char const*, G__param*, int) (G__Tree.cxx:8056)
==16781==    by 0x9B9F3B2: Cint::G__ExceptionWrapper(int (*)(G__value*, char const*, G__param*, int), G__value*, char*, G__param*, int) (Api.cxx:393)
==16781==    by 0x9BA1753: G__execute_call (newlink.cxx:2408)
==16781==  Uninitialised value was created by a stack allocation
==16781==    at 0x18BE4DCA: grsiMakerSelector::Process(long long) (in /home/ryan/nuclear/be9/1010/GRSIMaker/grsiMakerSelector_C.so)
==16781== 
==16781== Conditional jump or move depends on uninitialised value(s)
==16781==    at 0xBEC0DB8: TBranchElement::FillLeavesCollectionMember(TBuffer&) (TBranchElement.cxx:1505)
==16781==    by 0xBEDA1F9: TBranch::Fill() (TBranch.cxx:758)
==16781==    by 0xBEC955F: TBranchElement::Fill() (TBranchElement.cxx:1232)
==16781==    by 0xBEC92E7: TBranchElement::Fill() (TBranchElement.cxx:1257)
==16781==    by 0xBEC92E7: TBranchElement::Fill() (TBranchElement.cxx:1257)
==16781==    by 0xBEFD828: TTree::Fill() (TTree.cxx:4197)
==16781==    by 0x18BE5209: grsiMakerSelector::Process(long long) (in /home/ryan/nuclear/be9/1010/GRSIMaker/grsiMakerSelector_C.so)
==16781==    by 0x17A0F50C: TTreePlayer::Process(TSelector*, char const*, long long, long long) (TTreePlayer.cxx:2179)
==16781==    by 0x17A13455: TTreePlayer::Process(char const*, char const*, long long, long long) (TTreePlayer.cxx:2081)
==16781==    by 0xBE730C1: G__G__Tree_209_0_161(G__value*, char const*, G__param*, int) (G__Tree.cxx:8056)
==16781==    by 0x9B9F3B2: Cint::G__ExceptionWrapper(int (*)(G__value*, char const*, G__param*, int), G__value*, char*, G__param*, int) (Api.cxx:393)
==16781==    by 0x9BA1753: G__execute_call (newlink.cxx:2408)
==16781==  Uninitialised value was created by a stack allocation
==16781==    at 0x18BE4DCA: grsiMakerSelector::Process(long long) (in /home/ryan/nuclear/be9/1010/GRSIMaker/grsiMakerSelector_C.so)
==16781== 
==16781== Use of uninitialised value of size 8
==16781==    at 0xA54035E: int TStreamerInfoActions::WriteBasicType<double>(TBuffer&, void*, TStreamerInfoActions::TConfiguration const*) (TStreamerInfoActions.cxx:225)
==16781==    by 0xA667DD4: operator() (TStreamerInfoActions.h:111)
==16781==    by 0xA667DD4: TBufferFile::ApplySequence(TStreamerInfoActions::TActionSequence const&, void*) (TBufferFile.cxx:3973)
==16781==    by 0xBEDA1F9: TBranch::Fill() (TBranch.cxx:758)
==16781==    by 0xBEC955F: TBranchElement::Fill() (TBranchElement.cxx:1232)
==16781==    by 0xBEC92E7: TBranchElement::Fill() (TBranchElement.cxx:1257)
==16781==    by 0xBEFD828: TTree::Fill() (TTree.cxx:4197)
==16781==    by 0x18BE5209: grsiMakerSelector::Process(long long) (in /home/ryan/nuclear/be9/1010/GRSIMaker/grsiMakerSelector_C.so)
==16781==    by 0x17A0F50C: TTreePlayer::Process(TSelector*, char const*, long long, long long) (TTreePlayer.cxx:2179)
==16781==    by 0x17A13455: TTreePlayer::Process(char const*, char const*, long long, long long) (TTreePlayer.cxx:2081)
==16781==    by 0xBE730C1: G__G__Tree_209_0_161(G__value*, char const*, G__param*, int) (G__Tree.cxx:8056)
==16781==    by 0x9B9F3B2: Cint::G__ExceptionWrapper(int (*)(G__value*, char const*, G__param*, int), G__value*, char*, G__param*, int) (Api.cxx:393)
==16781==    by 0x9BA1753: G__execute_call (newlink.cxx:2408)
==16781==  Uninitialised value was created by a stack allocation
==16781==    at 0x18BE4DCA: grsiMakerSelector::Process(long long) (in /home/ryan/nuclear/be9/1010/GRSIMaker/grsiMakerSelector_C.so)
==16781== 
==16781== Conditional jump or move depends on uninitialised value(s)
==16781==    at 0xBEC6FCC: TBranchElement::SetAddress(void*) (TBranchElement.cxx:4461)
==16781==    by 0xBEF3BA7: TTree::SetBranchAddressImp(TBranch*, void*, TBranch**) (TTree.cxx:7378)
==16781==    by 0xBEF3D00: TTree::SetBranchAddress(char const*, void*, TBranch**, TClass*, EDataType, bool) (TTree.cxx:7346)
==16781==    by 0x18BE4F5F: grsiMakerSelector::Process(long long) (in /home/ryan/nuclear/be9/1010/GRSIMaker/grsiMakerSelector_C.so)
==16781==    by 0x17A0F50C: TTreePlayer::Process(TSelector*, char const*, long long, long long) (TTreePlayer.cxx:2179)
==16781==    by 0x17A13455: TTreePlayer::Process(char const*, char const*, long long, long long) (TTreePlayer.cxx:2081)
==16781==    by 0xBE730C1: G__G__Tree_209_0_161(G__value*, char const*, G__param*, int) (G__Tree.cxx:8056)
==16781==    by 0x9B9F3B2: Cint::G__ExceptionWrapper(int (*)(G__value*, char const*, G__param*, int), G__value*, char*, G__param*, int) (Api.cxx:393)
==16781==    by 0x9BA1753: G__execute_call (newlink.cxx:2408)
==16781==    by 0x9BA1B4C: G__call_cppfunc (newlink.cxx:2612)
==16781==    by 0x9BCAE0C: G__interpret_func (ifunc.cxx:5791)
==16781==    by 0x9B8D429: G__getfunction (func.cxx:2660)
==16781==  Uninitialised value was created by a stack allocation
==16781==    at 0x18BE4DCA: grsiMakerSelector::Process(long long) (in /home/ryan/nuclear/be9/1010/GRSIMaker/grsiMakerSelector_C.so)
==16781== 
==16781== Conditional jump or move depends on uninitialised value(s)
==16781==    at 0xBEC6FCC: TBranchElement::SetAddress(void*) (TBranchElement.cxx:4461)
==16781==    by 0xBEC70F3: TBranchElement::SetAddress(void*) (TBranchElement.cxx:4921)
==16781==    by 0xBEF3BA7: TTree::SetBranchAddressImp(TBranch*, void*, TBranch**) (TTree.cxx:7378)
==16781==    by 0xBEF3D00: TTree::SetBranchAddress(char const*, void*, TBranch**, TClass*, EDataType, bool) (TTree.cxx:7346)
==16781==    by 0x18BE4F5F: grsiMakerSelector::Process(long long) (in /home/ryan/nuclear/be9/1010/GRSIMaker/grsiMakerSelector_C.so)
==16781==    by 0x17A0F50C: TTreePlayer::Process(TSelector*, char const*, long long, long long) (TTreePlayer.cxx:2179)
==16781==    by 0x17A13455: TTreePlayer::Process(char const*, char const*, long long, long long) (TTreePlayer.cxx:2081)
==16781==    by 0xBE730C1: G__G__Tree_209_0_161(G__value*, char const*, G__param*, int) (G__Tree.cxx:8056)
==16781==    by 0x9B9F3B2: Cint::G__ExceptionWrapper(int (*)(G__value*, char const*, G__param*, int), G__value*, char*, G__param*, int) (Api.cxx:393)
==16781==    by 0x9BA1753: G__execute_call (newlink.cxx:2408)
==16781==    by 0x9BA1B4C: G__call_cppfunc (newlink.cxx:2612)
==16781==    by 0x9BCAE0C: G__interpret_func (ifunc.cxx:5791)
==16781==  Uninitialised value was created by a stack allocation
==16781==    at 0x18BE4DCA: grsiMakerSelector::Process(long long) (in /home/ryan/nuclear/be9/1010/GRSIMaker/grsiMakerSelector_C.so)
==16781== 
==16781== Conditional jump or move depends on uninitialised value(s)
==16781==    at 0xBEC6FCC: TBranchElement::SetAddress(void*) (TBranchElement.cxx:4461)
==16781==    by 0xBEC70F3: TBranchElement::SetAddress(void*) (TBranchElement.cxx:4921)
==16781==    by 0xBEC70F3: TBranchElement::SetAddress(void*) (TBranchElement.cxx:4921)
==16781==    by 0xBEF3BA7: TTree::SetBranchAddressImp(TBranch*, void*, TBranch**) (TTree.cxx:7378)
==16781==    by 0xBEF3D00: TTree::SetBranchAddress(char const*, void*, TBranch**, TClass*, EDataType, bool) (TTree.cxx:7346)
==16781==    by 0x18BE4F5F: grsiMakerSelector::Process(long long) (in /home/ryan/nuclear/be9/1010/GRSIMaker/grsiMakerSelector_C.so)
==16781==    by 0x17A0F50C: TTreePlayer::Process(TSelector*, char const*, long long, long long) (TTreePlayer.cxx:2179)
==16781==    by 0x17A13455: TTreePlayer::Process(char const*, char const*, long long, long long) (TTreePlayer.cxx:2081)
==16781==    by 0xBE730C1: G__G__Tree_209_0_161(G__value*, char const*, G__param*, int) (G__Tree.cxx:8056)
==16781==    by 0x9B9F3B2: Cint::G__ExceptionWrapper(int (*)(G__value*, char const*, G__param*, int), G__value*, char*, G__param*, int) (Api.cxx:393)
==16781==    by 0x9BA1753: G__execute_call (newlink.cxx:2408)
==16781==    by 0x9BA1B4C: G__call_cppfunc (newlink.cxx:2612)
==16781==  Uninitialised value was created by a stack allocation
==16781==    at 0x18BE4DCA: grsiMakerSelector::Process(long long) (in /home/ryan/nuclear/be9/1010/GRSIMaker/grsiMakerSelector_C.so)
==16781== 
==16781== Conditional jump or move depends on uninitialised value(s)
==16781==    at 0xBEC6FCC: TBranchElement::SetAddress(void*) (TBranchElement.cxx:4461)
==16781==    by 0xBEC70F3: TBranchElement::SetAddress(void*) (TBranchElement.cxx:4921)
==16781==    by 0xBEC70F3: TBranchElement::SetAddress(void*) (TBranchElement.cxx:4921)
==16781==    by 0xBEC70F3: TBranchElement::SetAddress(void*) (TBranchElement.cxx:4921)
==16781==    by 0xBEF3BA7: TTree::SetBranchAddressImp(TBranch*, void*, TBranch**) (TTree.cxx:7378)
==16781==    by 0xBEF3D00: TTree::SetBranchAddress(char const*, void*, TBranch**, TClass*, EDataType, bool) (TTree.cxx:7346)
==16781==    by 0x18BE4F5F: grsiMakerSelector::Process(long long) (in /home/ryan/nuclear/be9/1010/GRSIMaker/grsiMakerSelector_C.so)
==16781==    by 0x17A0F50C: TTreePlayer::Process(TSelector*, char const*, long long, long long) (TTreePlayer.cxx:2179)
==16781==    by 0x17A13455: TTreePlayer::Process(char const*, char const*, long long, long long) (TTreePlayer.cxx:2081)
==16781==    by 0xBE730C1: G__G__Tree_209_0_161(G__value*, char const*, G__param*, int) (G__Tree.cxx:8056)
==16781==    by 0x9B9F3B2: Cint::G__ExceptionWrapper(int (*)(G__value*, char const*, G__param*, int), G__value*, char*, G__param*, int) (Api.cxx:393)
==16781==    by 0x9BA1753: G__execute_call (newlink.cxx:2408)
==16781==  Uninitialised value was created by a stack allocation
==16781==    at 0x18BE4DCA: grsiMakerSelector::Process(long long) (in /home/ryan/nuclear/be9/1010/GRSIMaker/grsiMakerSelector_C.so)
==16781== 
==16781== Use of uninitialised value of size 8
==16781==    at 0x72F928F: std::vector<TCSMHit, std::allocator<TCSMHit> >::operator=(std::vector<TCSMHit, std::allocator<TCSMHit> > const&) (vector.tcc:196)
==16781==    by 0x18BE51BB: grsiMakerSelector::Process(long long) (in /home/ryan/nuclear/be9/1010/GRSIMaker/grsiMakerSelector_C.so)
==16781==    by 0x17A0F50C: TTreePlayer::Process(TSelector*, char const*, long long, long long) (TTreePlayer.cxx:2179)
==16781==    by 0x17A13455: TTreePlayer::Process(char const*, char const*, long long, long long) (TTreePlayer.cxx:2081)
==16781==    by 0xBE730C1: G__G__Tree_209_0_161(G__value*, char const*, G__param*, int) (G__Tree.cxx:8056)
==16781==    by 0x9B9F3B2: Cint::G__ExceptionWrapper(int (*)(G__value*, char const*, G__param*, int), G__value*, char*, G__param*, int) (Api.cxx:393)
==16781==    by 0x9BA1753: G__execute_call (newlink.cxx:2408)
==16781==    by 0x9BA1B4C: G__call_cppfunc (newlink.cxx:2612)
==16781==    by 0x9BCAE0C: G__interpret_func (ifunc.cxx:5791)
==16781==    by 0x9B8D429: G__getfunction (func.cxx:2660)
==16781==    by 0x9B5F4EF: G__getstructmem(int, G__FastAllocString&, char*, int, char*, int*, G__var_array*, int) (var.cxx:6821)
==16781==    by 0x9B55EEA: G__getvariable (var.cxx:5407)
==16781==  Uninitialised value was created by a stack allocation
==16781==    at 0x18BE4DCA: grsiMakerSelector::Process(long long) (in /home/ryan/nuclear/be9/1010/GRSIMaker/grsiMakerSelector_C.so)
==16781== 
==16781== Use of uninitialised value of size 8
==16781==    at 0x72F92B5: __destroy<TCSMHit*> (stl_construct.h:102)
==16781==    by 0x72F92B5: _Destroy<TCSMHit*> (stl_construct.h:126)
==16781==    by 0x72F92B5: _Destroy<TCSMHit*, TCSMHit> (stl_construct.h:151)
==16781==    by 0x72F92B5: std::vector<TCSMHit, std::allocator<TCSMHit> >::operator=(std::vector<TCSMHit, std::allocator<TCSMHit> > const&) (vector.tcc:196)
==16781==    by 0x18BE51BB: grsiMakerSelector::Process(long long) (in /home/ryan/nuclear/be9/1010/GRSIMaker/grsiMakerSelector_C.so)
==16781==    by 0x17A0F50C: TTreePlayer::Process(TSelector*, char const*, long long, long long) (TTreePlayer.cxx:2179)
==16781==    by 0x17A13455: TTreePlayer::Process(char const*, char const*, long long, long long) (TTreePlayer.cxx:2081)
==16781==    by 0xBE730C1: G__G__Tree_209_0_161(G__value*, char const*, G__param*, int) (G__Tree.cxx:8056)
==16781==    by 0x9B9F3B2: Cint::G__ExceptionWrapper(int (*)(G__value*, char const*, G__param*, int), G__value*, char*, G__param*, int) (Api.cxx:393)
==16781==    by 0x9BA1753: G__execute_call (newlink.cxx:2408)
==16781==    by 0x9BA1B4C: G__call_cppfunc (newlink.cxx:2612)
==16781==    by 0x9BCAE0C: G__interpret_func (ifunc.cxx:5791)
==16781==    by 0x9B8D429: G__getfunction (func.cxx:2660)
==16781==    by 0x9B5F4EF: G__getstructmem(int, G__FastAllocString&, char*, int, char*, int*, G__var_array*, int) (var.cxx:6821)
==16781==    by 0x9B55EEA: G__getvariable (var.cxx:5407)
==16781==  Uninitialised value was created by a stack allocation
==16781==    at 0x18BE4DCA: grsiMakerSelector::Process(long long) (in /home/ryan/nuclear/be9/1010/GRSIMaker/grsiMakerSelector_C.so)
==16781== 
==16781== Use of uninitialised value of size 8
==16781==    at 0x72F92CB: std::vector<TCSMHit, std::allocator<TCSMHit> >::operator=(std::vector<TCSMHit, std::allocator<TCSMHit> > const&) (vector.tcc:201)
==16781==    by 0x18BE51BB: grsiMakerSelector::Process(long long) (in /home/ryan/nuclear/be9/1010/GRSIMaker/grsiMakerSelector_C.so)
==16781==    by 0x17A0F50C: TTreePlayer::Process(TSelector*, char const*, long long, long long) (TTreePlayer.cxx:2179)
==16781==    by 0x17A13455: TTreePlayer::Process(char const*, char const*, long long, long long) (TTreePlayer.cxx:2081)
==16781==    by 0xBE730C1: G__G__Tree_209_0_161(G__value*, char const*, G__param*, int) (G__Tree.cxx:8056)
==16781==    by 0x9B9F3B2: Cint::G__ExceptionWrapper(int (*)(G__value*, char const*, G__param*, int), G__value*, char*, G__param*, int) (Api.cxx:393)
==16781==    by 0x9BA1753: G__execute_call (newlink.cxx:2408)
==16781==    by 0x9BA1B4C: G__call_cppfunc (newlink.cxx:2612)
==16781==    by 0x9BCAE0C: G__interpret_func (ifunc.cxx:5791)
==16781==    by 0x9B8D429: G__getfunction (func.cxx:2660)
==16781==    by 0x9B5F4EF: G__getstructmem(int, G__FastAllocString&, char*, int, char*, int*, G__var_array*, int) (var.cxx:6821)
==16781==    by 0x9B55EEA: G__getvariable (var.cxx:5407)
==16781==  Uninitialised value was created by a stack allocation
==16781==    at 0x18BE4DCA: grsiMakerSelector::Process(long long) (in /home/ryan/nuclear/be9/1010/GRSIMaker/grsiMakerSelector_C.so)
==16781== 
==16781== Use of uninitialised value of size 8
==16781==    at 0x72F8F1F: __copy_m<TCSMHit*, TCSMHit*> (stl_algobase.h:338)
==16781==    by 0x72F8F1F: __copy_move_a<false, TCSMHit*, TCSMHit*> (stl_algobase.h:402)
==16781==    by 0x72F8F1F: __copy_move_a2<false, TCSMHit*, TCSMHit*> (stl_algobase.h:440)
==16781==    by 0x72F8F1F: copy<TCSMHit*, TCSMHit*> (stl_algobase.h:472)
==16781==    by 0x72F8F1F: std::vector<TCSMHit, std::allocator<TCSMHit> >::operator=(std::vector<TCSMHit, std::allocator<TCSMHit> > const&) (vector.tcc:211)
==16781==    by 0x18BE51BB: grsiMakerSelector::Process(long long) (in /home/ryan/nuclear/be9/1010/GRSIMaker/grsiMakerSelector_C.so)
==16781==    by 0x17A0F50C: TTreePlayer::Process(TSelector*, char const*, long long, long long) (TTreePlayer.cxx:2179)
==16781==    by 0x17A13455: TTreePlayer::Process(char const*, char const*, long long, long long) (TTreePlayer.cxx:2081)
==16781==    by 0xBE730C1: G__G__Tree_209_0_161(G__value*, char const*, G__param*, int) (G__Tree.cxx:8056)
==16781==    by 0x9B9F3B2: Cint::G__ExceptionWrapper(int (*)(G__value*, char const*, G__param*, int), G__value*, char*, G__param*, int) (Api.cxx:393)
==16781==    by 0x9BA1753: G__execute_call (newlink.cxx:2408)
==16781==    by 0x9BA1B4C: G__call_cppfunc (newlink.cxx:2612)
==16781==    by 0x9BCAE0C: G__interpret_func (ifunc.cxx:5791)
==16781==    by 0x9B8D429: G__getfunction (func.cxx:2660)
==16781==    by 0x9B5F4EF: G__getstructmem(int, G__FastAllocString&, char*, int, char*, int*, G__var_array*, int) (var.cxx:6821)
==16781==    by 0x9B55EEA: G__getvariable (var.cxx:5407)
==16781==  Uninitialised value was created by a stack allocation
==16781==    at 0x18BE4DCA: grsiMakerSelector::Process(long long) (in /home/ryan/nuclear/be9/1010/GRSIMaker/grsiMakerSelector_C.so)
==16781== 
==16781== 
==16781== More than 10000000 total errors detected.  I'm not reporting any more.
==16781== Final error counts will be inaccurate.  Go fix your program!
==16781== Rerun with --error-limit=no to disable this cutoff.  Note
==16781== that errors may occur in your program without prior warning from
==16781== Valgrind, because errors are no longer being displayed.
==16781== 
==16781== 
==16781== HEAP SUMMARY:
==16781==     in use at exit: 9,935,991 bytes in 110,864 blocks
==16781==   total heap usage: 3,741,404 allocs, 3,630,540 frees, 2,192,434,086 bytes allocated
==16781== 
==16781== 32 bytes in 1 blocks are definitely lost in loss record 32,997 of 66,456
==16781==    at 0x4C2E0EF: operator new(unsigned long) (in /usr/lib/valgrind/vgpreload_memcheck-amd64-linux.so)
==16781==    by 0x9623BB8: TStorage::ObjectAlloc(unsigned long) (TStorage.cxx:325)
==16781==    by 0x956D3A7: operator new (TObject.h:156)
==16781==    by 0x956D3A7: TMap::Add(TObject*, TObject*) (TMap.cxx:73)
==16781==    by 0xA6530AF: TFile::SetCacheRead(TFileCacheRead*, TObject*, TFile::ECacheAction) (TFile.cxx:2115)
==16781==    by 0xA60E5A9: TFileCacheRead::TFileCacheRead(TFile*, int, TObject*) (TFileCacheRead.cxx:153)
==16781==    by 0xBEB1773: TTreeCache::TTreeCache(TTree*, int) (TTreeCache.cxx:308)
==16781==    by 0xBEF9DBA: TTree::SetCacheSizeAux(bool, long long) (TTree.cxx:7671)
==16781==    by 0x17A0F931: TTreePlayer::Process(TSelector*, char const*, long long, long long) (TTreePlayer.cxx:2141)
==16781==    by 0x17A13455: TTreePlayer::Process(char const*, char const*, long long, long long) (TTreePlayer.cxx:2081)
==16781==    by 0xBE730C1: G__G__Tree_209_0_161(G__value*, char const*, G__param*, int) (G__Tree.cxx:8056)
==16781==    by 0x9B9F3B2: Cint::G__ExceptionWrapper(int (*)(G__value*, char const*, G__param*, int), G__value*, char*, G__param*, int) (Api.cxx:393)
==16781==    by 0x9BA1753: G__execute_call (newlink.cxx:2408)
==16781== 
==16781== 648 (56 direct, 592 indirect) bytes in 1 blocks are definitely lost in loss record 66,126 of 66,456
==16781==    at 0x4C2E0EF: operator new(unsigned long) (in /usr/lib/valgrind/vgpreload_memcheck-amd64-linux.so)
==16781==    by 0x9623BB8: TStorage::ObjectAlloc(unsigned long) (TStorage.cxx:325)
==16781==    by 0x72FDBB9: operator new (TObject.h:156)
==16781==    by 0x72FDBB9: ROOTDict::new_TCSM(void*) (TCSMDict.cxx:285)
==16781==    by 0x95BED57: TClass::New(TClass::ENewType) const (TClass.cxx:4041)
==16781==    by 0xBEC7639: TBranchElement::SetAddress(void*) (TBranchElement.cxx:4883)
==16781==    by 0xBEF3BA7: TTree::SetBranchAddressImp(TBranch*, void*, TBranch**) (TTree.cxx:7378)
==16781==    by 0xBEF3D00: TTree::SetBranchAddress(char const*, void*, TBranch**, TClass*, EDataType, bool) (TTree.cxx:7346)
==16781==    by 0x18BE4F5F: grsiMakerSelector::Process(long long) (in /home/ryan/nuclear/be9/1010/GRSIMaker/grsiMakerSelector_C.so)
==16781==    by 0x17A0F50C: TTreePlayer::Process(TSelector*, char const*, long long, long long) (TTreePlayer.cxx:2179)
==16781==    by 0x17A13455: TTreePlayer::Process(char const*, char const*, long long, long long) (TTreePlayer.cxx:2081)
==16781==    by 0xBE730C1: G__G__Tree_209_0_161(G__value*, char const*, G__param*, int) (G__Tree.cxx:8056)
==16781==    by 0x9B9F3B2: Cint::G__ExceptionWrapper(int (*)(G__value*, char const*, G__param*, int), G__value*, char*, G__param*, int) (Api.cxx:393)
==16781== 
==16781== 888 (592 direct, 296 indirect) bytes in 1 blocks are definitely lost in loss record 66,177 of 66,456
==16781==    at 0x4C2E0EF: operator new(unsigned long) (in /usr/lib/valgrind/vgpreload_memcheck-amd64-linux.so)
==16781==    by 0x9623BB8: TStorage::ObjectAlloc(unsigned long) (TStorage.cxx:325)
==16781==    by 0x18BE1653: G__grsiMakerSelector_C_ACLiC_dict_2683_0_1(G__value*, char const*, G__param*, int) (in /home/ryan/nuclear/be9/1010/GRSIMaker/grsiMakerSelector_C.so)
==16781==    by 0x9C43EE8: Cint::G__ClassInfo::New() (Class.cxx:826)
==16781==    by 0xBEBD06A: TSelector::GetSelector(char const*) (TSelector.cxx:202)
==16781==    by 0x17A13414: TTreePlayer::Process(char const*, char const*, long long, long long) (TTreePlayer.cxx:2075)
==16781==    by 0xBE730C1: G__G__Tree_209_0_161(G__value*, char const*, G__param*, int) (G__Tree.cxx:8056)
==16781==    by 0x9B9F3B2: Cint::G__ExceptionWrapper(int (*)(G__value*, char const*, G__param*, int), G__value*, char*, G__param*, int) (Api.cxx:393)
==16781==    by 0x9BA1753: G__execute_call (newlink.cxx:2408)
==16781==    by 0x9BA1B4C: G__call_cppfunc (newlink.cxx:2612)
==16781==    by 0x9BCAE0C: G__interpret_func (ifunc.cxx:5791)
==16781==    by 0x9B8D429: G__getfunction (func.cxx:2660)
==16781== 
==16781== 2,016 (56 direct, 1,960 indirect) bytes in 1 blocks are definitely lost in loss record 66,280 of 66,456
==16781==    at 0x4C2E0EF: operator new(unsigned long) (in /usr/lib/valgrind/vgpreload_memcheck-amd64-linux.so)
==16781==    by 0x9623BB8: TStorage::ObjectAlloc(unsigned long) (TStorage.cxx:325)
==16781==    by 0xA504549: operator new (TObject.h:156)
==16781==    by 0xA504549: TStreamerInfoActions::TActionSequence::CreateReadMemberWiseActions(TVirtualStreamerInfo*, TVirtualCollectionProxy&) (TStreamerInfoActions.cxx:2895)
==16781==    by 0xA58EEE7: TGenCollectionProxy::GetReadMemberWiseActions(int) (TGenCollectionProxy.cxx:1612)
==16781==    by 0xBEC29CD: TBranchElement::SetReadActionSequence() (TBranchElement.cxx:5044)
==16781==    by 0xBEC881B: TBranchElement::BuildTitle(char const*) (TBranchElement.cxx:1181)
==16781==    by 0xBECF7DA: TBranchElement::Init(TTree*, TBranch*, char const*, TStreamerInfo*, int, char*, int, int, int) (TBranchElement.cxx:601)
==16781==    by 0xBED096F: TBranchElement::TBranchElement(TBranch*, char const*, TStreamerInfo*, int, char*, int, int, int) (TBranchElement.cxx:262)
==16781==    by 0xBEF6AA9: TTree::BronchExec(char const*, char const*, void*, bool, int, int) (TTree.cxx:2372)
==16781==    by 0xBEF50E4: TTree::BranchImpRef(char const*, TClass*, EDataType, void*, int, int) (TTree.cxx:1452)
==16781==    by 0x18BE4BB5: grsiMakerSelector::Begin(TTree*) (in /home/ryan/nuclear/be9/1010/GRSIMaker/grsiMakerSelector_C.so)
==16781==    by 0x17A0F235: TTreePlayer::Process(TSelector*, char const*, long long, long long) (TTreePlayer.cxx:2117)
==16781== 
==16781== LEAK SUMMARY:
==16781==    definitely lost: 736 bytes in 4 blocks
==16781==    indirectly lost: 2,848 bytes in 33 blocks
==16781==      possibly lost: 0 bytes in 0 blocks
==16781==    still reachable: 7,354,862 bytes in 83,005 blocks
==16781==                       of which reachable via heuristic:
==16781==                         newarray           : 22,688 bytes in 36 blocks
==16781==                         multipleinheritance: 5,040 bytes in 10 blocks
==16781==         suppressed: 2,577,545 bytes in 27,822 blocks
==16781== Reachable blocks (those to which a pointer was found) are not shown.
==16781== To see them, rerun with: --leak-check=full --show-leak-kinds=all
==16781== 
==16781== For counts of detected and suppressed errors, rerun with: -v
==16781== ERROR SUMMARY: 10000004 errors from 39 contexts (suppressed: 1171356 from 152)
